<?xml version="1.0" encoding="UTF-8"?>
<testsuite name="AdditionTest" tests="8" skipped="0" failures="0" errors="0" timestamp="2018-02-28T11:12:08" hostname="Pushkar-Singh" time="0.019">
  <properties/>
  <testcase name="testTheSumWithTwoStrings" classname="AdditionTest" time="0.001"/>
  <testcase name="testTheSumWithTwoInts" classname="AdditionTest" time="0.0"/>
  <testcase name="canaryTest" classname="AdditionTest" time="0.0"/>
  <testcase name="testTheSumWithTwoLists" classname="AdditionTest" time="0.001"/>
  <testcase name="testTheSumWithTwoStrings" classname="AdditionTest" time="0.0"/>
  <testcase name="testTheSumWithTwoInts" classname="AdditionTest" time="0.0"/>
  <testcase name="canaryTest" classname="AdditionTest" time="0.001"/>
  <testcase name="testTheSumWithTwoLists" classname="AdditionTest" time="0.0"/>
  <system-out><![CDATA[]]></system-out>
  <system-err><![CDATA[]]></system-err>
</testsuite>
